<?xml version="1.0" encoding="UTF-8"?>
<!DOCTYPE plist PUBLIC "-//Apple//DTD PLIST 1.0//EN" "http://www.apple.com/DTDs/PropertyList-1.0.dtd">
<plist version="1.0">
<array>
	<string>begin ToggleRulers {
    action = "&lt;MSToggleRulersAction: 0x600002a6b040&gt;";
    document = "&lt;MSDocument: 0x7fef868b70b0&gt;";
}</string>
	<string>finish ToggleRulers {
    action = "&lt;MSToggleRulersAction: 0x600002a6b040&gt;";
    document = "&lt;MSDocument: 0x7fef868b70b0&gt;";
}</string>
	<string>instant CloseDocument {
    document = "&lt;MSDocument: 0x7fef868b70b0&gt;";
    selection =     (
    );
}</string>
	<string>instant OpenDocument {
    document = "&lt;MSDocument: 0x7fd9a344a130&gt;";
    selection =     (
    );
}</string>
	<string>instant HandlerGotFocus {
    name = Normal;
}</string>
	<string>begin ToggleRulers {
    action = "&lt;MSToggleRulersAction: 0x60400066e6c0&gt;";
    document = "&lt;MSDocument: 0x7fd9a344a130&gt;";
}</string>
	<string>finish ToggleRulers {
    action = "&lt;MSToggleRulersAction: 0x60400066e6c0&gt;";
    document = "&lt;MSDocument: 0x7fd9a344a130&gt;";
}</string>
	<string>instant OpenDocument {
    document = "&lt;MSDocument: 0x7f96fcc363a0&gt;";
    selection =     (
    );
}</string>
	<string>instant HandlerGotFocus {
    name = Normal;
}</string>
	<string>begin ToggleRulers {
    action = "&lt;MSToggleRulersAction: 0x600001eb8040&gt;";
    document = "&lt;MSDocument: 0x7f96fcc363a0&gt;";
}</string>
	<string>finish ToggleRulers {
    action = "&lt;MSToggleRulersAction: 0x600001eb8040&gt;";
    document = "&lt;MSDocument: 0x7f96fcc363a0&gt;";
}</string>
</array>
</plist>
